Change Component Designator: OldDesignator=HD? NewDesignator=RC522
Change Component Designator: OldDesignator=P? NewDesignator=I2C
Change Net Name : Old Net Name=NetHD?_1 New Net Name=NetNodeMCU-?_D0
Change Net Name : Old Net Name=NetHD?_2 New Net Name=NetNodeMCU-?_D5
Change Net Name : Old Net Name=NetHD?_3 New Net Name=NetNodeMCU-?_D7
Change Net Name : Old Net Name=NetHD?_4 New Net Name=NetNodeMCU-?_D6
Change Net Name : Old Net Name=NetHD?_7 New Net Name=NetNodeMCU-?_RST
Change Net Name : Old Net Name=NetNodeMCU-?_3V3 New Net Name=NetI2C_2
Change Net Name : Old Net Name=NetNodeMCU-?_D1 New Net Name=NetI2C_3
Change Net Name : Old Net Name=NetNodeMCU-?_D2 New Net Name=NetI2C_4
Change Net Name : Old Net Name=NetNodeMCU-?_GND New Net Name=NetI2C_1
Added Pin To Net: NetName=NetNodeMCU-?_3V3 Pin=NodeMCU-?-3V3
Added Pin To Net: NetName=NetNodeMCU-?_3V3 Pin=NodeMCU-?-3V3
Added Pin To Net: NetName=NetNodeMCU-?_3V3 Pin=NodeMCU-?-3V3
Added Pin To Net: NetName=NetNodeMCU-?_3V3 Pin=RC522-8
Added Net: Name=NetNodeMCU-?_3V3
Added Pin To Net: NetName=NetNodeMCU-?_GND Pin=NodeMCU-?-GND
Added Pin To Net: NetName=NetNodeMCU-?_GND Pin=NodeMCU-?-GND
Added Pin To Net: NetName=NetNodeMCU-?_GND Pin=NodeMCU-?-GND
Added Pin To Net: NetName=NetNodeMCU-?_GND Pin=NodeMCU-?-GND
Added Pin To Net: NetName=NetNodeMCU-?_GND Pin=RC522-6
Added Net: Name=NetNodeMCU-?_GND
Added Room: Name=Sheet1
