Added Component: Designator=I2C(HDR1X4)
Add component. Clean all parameters for all variants
Add component (AddParameter): Name = "LatestRevisionDate"; Value = "17-Jul-2002"; VariantName = "[No Variations]"
Add component (AddParameter): Name = "LatestRevisionNote"; Value = "Re-released for DXP Platform."; VariantName = "[No Variations]"
Add component (AddParameter): Name = "Publisher"; Value = "Altium Limited"; VariantName = "[No Variations]"
Added Component: Designator=LCD(LCD20X4A)
Add component. Clean all parameters for all variants
Add component (AddParameter): Name = "Value"; Value = "LCD 20x4A"; VariantName = "[No Variations]"
Added Component: Designator=NodeMCU-?(NodeMCU V1.0 ESP-12E)
Add component. Clean all parameters for all variants
Added Component: Designator=RC522(HED8V)
Add component. Clean all parameters for all variants
Added Pin To Net: NetName=NetI2C_1 Pin=I2C-1
Added Pin To Net: NetName=NetI2C_2 Pin=I2C-2
Added Pin To Net: NetName=NetI2C_3 Pin=I2C-3
Added Pin To Net: NetName=NetI2C_4 Pin=I2C-4
Added Pin To Net: NetName=NetI2C_2 Pin=NodeMCU-?-3V3
Added Pin To Net: NetName=NetI2C_2 Pin=NodeMCU-?-3V3
Added Pin To Net: NetName=NetI2C_2 Pin=NodeMCU-?-3V3
Added Pin To Net: NetName=NetNodeMCU-?_3V3 Pin=NodeMCU-?-3V3
Added Pin To Net: NetName=NetNodeMCU-?_3V3 Pin=NodeMCU-?-3V3
Added Pin To Net: NetName=NetNodeMCU-?_3V3 Pin=NodeMCU-?-3V3
Added Pin To Net: NetName=NetNodeMCU-?_D0 Pin=NodeMCU-?-D0
Added Pin To Net: NetName=NetI2C_3 Pin=NodeMCU-?-D1
Added Pin To Net: NetName=NetI2C_4 Pin=NodeMCU-?-D2
Added Pin To Net: NetName=NetNodeMCU-?_D5 Pin=NodeMCU-?-D5
Added Pin To Net: NetName=NetNodeMCU-?_D6 Pin=NodeMCU-?-D6
Added Pin To Net: NetName=NetNodeMCU-?_D7 Pin=NodeMCU-?-D7
Added Pin To Net: NetName=NetI2C_1 Pin=NodeMCU-?-GND
Added Pin To Net: NetName=NetI2C_1 Pin=NodeMCU-?-GND
Added Pin To Net: NetName=NetI2C_1 Pin=NodeMCU-?-GND
Added Pin To Net: NetName=NetI2C_1 Pin=NodeMCU-?-GND
Added Pin To Net: NetName=NetNodeMCU-?_GND Pin=NodeMCU-?-GND
Added Pin To Net: NetName=NetNodeMCU-?_GND Pin=NodeMCU-?-GND
Added Pin To Net: NetName=NetNodeMCU-?_GND Pin=NodeMCU-?-GND
Added Pin To Net: NetName=NetNodeMCU-?_GND Pin=NodeMCU-?-GND
Added Pin To Net: NetName=NetNodeMCU-?_RST Pin=NodeMCU-?-RST
Added Pin To Net: NetName=NetNodeMCU-?_D0 Pin=RC522-1
Added Pin To Net: NetName=NetNodeMCU-?_D5 Pin=RC522-2
Added Pin To Net: NetName=NetNodeMCU-?_D7 Pin=RC522-3
Added Pin To Net: NetName=NetNodeMCU-?_D6 Pin=RC522-4
Added Pin To Net: NetName=NetNodeMCU-?_GND Pin=RC522-6
Added Pin To Net: NetName=NetNodeMCU-?_RST Pin=RC522-7
Added Pin To Net: NetName=NetNodeMCU-?_3V3 Pin=RC522-8
Added Member To Class: ClassName=Sheet1 Member=Component I2C
Added Member To Class: ClassName=Sheet1 Member=Component LCD LCD 20x4A
Added Member To Class: ClassName=Sheet1 Member=Component NodeMCU-? NodeMCU V1.0 ESP-12E
Added Member To Class: ClassName=Sheet1 Member=Component RC522
