Change Component Comment : Designator=HD? Old Comment=Header 8 New Comment=RC522
Added Component: Designator=P?(HDR1X4)
Add component. Clean all parameters for all variants
Add component (AddParameter): Name = "LatestRevisionDate"; Value = "17-Jul-2002"; VariantName = "[No Variations]"
Add component (AddParameter): Name = "LatestRevisionNote"; Value = "Re-released for DXP Platform."; VariantName = "[No Variations]"
Add component (AddParameter): Name = "Publisher"; Value = "Altium Limited"; VariantName = "[No Variations]"
Added Pin To Net: NetName=NetNodeMCU-?_3V3 Pin=NodeMCU-?-3V3
Added Pin To Net: NetName=NetNodeMCU-?_3V3 Pin=NodeMCU-?-3V3
Added Pin To Net: NetName=NetNodeMCU-?_3V3 Pin=NodeMCU-?-3V3
Added Pin To Net: NetName=NetNodeMCU-?_3V3 Pin=P?-2
Added Net: Name=NetNodeMCU-?_3V3
Added Pin To Net: NetName=NetNodeMCU-?_D1 Pin=NodeMCU-?-D1
Added Pin To Net: NetName=NetNodeMCU-?_D1 Pin=P?-3
Added Net: Name=NetNodeMCU-?_D1
Added Pin To Net: NetName=NetNodeMCU-?_D2 Pin=NodeMCU-?-D2
Added Pin To Net: NetName=NetNodeMCU-?_D2 Pin=P?-4
Added Net: Name=NetNodeMCU-?_D2
Added Pin To Net: NetName=NetNodeMCU-?_GND Pin=NodeMCU-?-GND
Added Pin To Net: NetName=NetNodeMCU-?_GND Pin=NodeMCU-?-GND
Added Pin To Net: NetName=NetNodeMCU-?_GND Pin=NodeMCU-?-GND
Added Pin To Net: NetName=NetNodeMCU-?_GND Pin=NodeMCU-?-GND
Added Pin To Net: NetName=NetNodeMCU-?_GND Pin=P?-1
Added Net: Name=NetNodeMCU-?_GND
Added Member To Class: ClassName=Sheet1 Member=Component P? I2C
