Added Component: Designator=C1(CP1.5/3.4)
Add component. Clean all parameters for all variants
Add component (AddParameter): Name = "Description 1"; Value = "2200uF-3300uF/6,3V - 1000uF-2200uF/10V"; VariantName = "[No Variations]"
Add component (AddParameter): Name = "Description 2"; Value = "1000uF/16V - 470uF => 1000uF/25V - 100uF/100V"; VariantName = "[No Variations]"
Add component (AddParameter): Name = "Description 3"; Value = "330uF>470uF/35V_220uF>470uF/50V_10uF>22uF/250V"; VariantName = "[No Variations]"
Add component (AddParameter): Name = "Description 4"; Value = "220uF => 330uF/63V - 10uF =>33uF/160 - 200V"; VariantName = "[No Variations]"
Add component (AddParameter): Name = "Description 5"; Value = "4,7uF>10uF/250V_3,3uF>10uF/400V - 2,2uF>4,7uF/450V"; VariantName = "[No Variations]"
Add component (AddParameter): Name = "Value"; Value = "1000uF/16V"; VariantName = "[No Variations]"
Added Component: Designator=C2(CP1/2)
Add component. Clean all parameters for all variants
Add component (AddParameter): Name = "Description 1"; Value = "10 => 220uF/6,3V/10V - 10uF => 100uF/16V"; VariantName = "[No Variations]"
Add component (AddParameter): Name = "Description 2"; Value = "0,1uF => 33uF/50V - 10uF => 22uF/63V"; VariantName = "[No Variations]"
Add component (AddParameter): Name = "Description 3"; Value = "0,47uF => 10uF/100V"; VariantName = "[No Variations]"
Add component (AddParameter): Name = "Value"; Value = "10uF/50V"; VariantName = "[No Variations]"
Added Component: Designator=D1(D1A)
Add component. Clean all parameters for all variants
Add component (AddParameter): Name = "Value"; Value = "1N4007"; VariantName = "[No Variations]"
Added Component: Designator=D2(D1A)
Add component. Clean all parameters for all variants
Add component (AddParameter): Name = "Value"; Value = "1N4007"; VariantName = "[No Variations]"
Added Component: Designator=D3(D1A)
Add component. Clean all parameters for all variants
Add component (AddParameter): Name = "Value"; Value = "1N4007"; VariantName = "[No Variations]"
Added Component: Designator=D4(D1A)
Add component. Clean all parameters for all variants
Add component (AddParameter): Name = "Value"; Value = "1N4007"; VariantName = "[No Variations]"
Added Component: Designator=D5(D1A)
Add component. Clean all parameters for all variants
Add component (AddParameter): Name = "Value"; Value = "1N4007"; VariantName = "[No Variations]"
Added Component: Designator=LDR1(CDS)
Add component. Clean all parameters for all variants
Added Component: Designator=LED1(LED-3)
Add component. Clean all parameters for all variants
Add component (AddParameter): Name = "Value"; Value = "LED 3 ly Single Colour"; VariantName = "[No Variations]"
Added Component: Designator=R0(SM-RES-1206)
Add component. Clean all parameters for all variants
Add component (AddParameter): Name = "Value"; Value = "R1/4W - 1K"; VariantName = "[No Variations]"
Added Component: Designator=R4(SM-RES-1206)
Add component. Clean all parameters for all variants
Add component (AddParameter): Name = "Value"; Value = "R1/4W - 1K"; VariantName = "[No Variations]"
Added Component: Designator=R102(SM-RES-1206)
Add component. Clean all parameters for all variants
Add component (AddParameter): Name = "Value"; Value = "R1/4W - 1K"; VariantName = "[No Variations]"
Added Component: Designator=R332(SM-RES-1206)
Add component. Clean all parameters for all variants
Add component (AddParameter): Name = "Value"; Value = "R1/4W - 1K"; VariantName = "[No Variations]"
Added Component: Designator=R472(SM-RES-1206)
Add component. Clean all parameters for all variants
Add component (AddParameter): Name = "Value"; Value = "R1/4W - 1K"; VariantName = "[No Variations]"
Added Component: Designator=RL1(RL_SPDT_10A)
Add component. Clean all parameters for all variants
Add component (AddParameter): Name = ""; Value = "Relay SPDT, 10A, 24V"; VariantName = "[No Variations]"
Add component (AddParameter): Name = "Value"; Value = "Relay SPDT, 10A, 12V"; VariantName = "[No Variations]"
Added Component: Designator=T1(SOT23)
Add component. Clean all parameters for all variants
Add component (AddParameter): Name = "Availability"; Value = "Unavailable"; VariantName = "[No Variations]"
Add component (AddParameter): Name = "MF"; Value = "ON Semiconductor"; VariantName = "[No Variations]"
Add component (AddParameter): Name = "MP"; Value = "BC858C"; VariantName = "[No Variations]"
Add component (AddParameter): Name = "Package"; Value = "SOT-23 Diotec"; VariantName = "[No Variations]"
Add component (AddParameter): Name = "Price"; Value = "None"; VariantName = "[No Variations]"
Add component (AddParameter): Name = "SnapEDA_Link"; Value = "https://www.snapeda.com/parts/BC858C/ON%20Semiconductor/view-part/885150/?ref=snap"; VariantName = "[No Variations]"
Add component (AddParameter): Name = "Value"; Value = ""; VariantName = "[No Variations]"
Added Component: Designator=T(SOT23)
Add component. Clean all parameters for all variants
Add component (AddParameter): Name = "Availability"; Value = "Unavailable"; VariantName = "[No Variations]"
Add component (AddParameter): Name = "MF"; Value = "ON Semiconductor"; VariantName = "[No Variations]"
Add component (AddParameter): Name = "MP"; Value = "BC858C"; VariantName = "[No Variations]"
Add component (AddParameter): Name = "Package"; Value = "SOT-23 Diotec"; VariantName = "[No Variations]"
Add component (AddParameter): Name = "Price"; Value = "None"; VariantName = "[No Variations]"
Add component (AddParameter): Name = "SnapEDA_Link"; Value = "https://www.snapeda.com/parts/BC858C/ON%20Semiconductor/view-part/885150/?ref=snap"; VariantName = "[No Variations]"
Add component (AddParameter): Name = "Value"; Value = ""; VariantName = "[No Variations]"
Added Component: Designator=VR1(VR)
Add component. Clean all parameters for all variants
Add component (AddParameter): Name = "Value"; Value = "VR 10K"; VariantName = "[No Variations]"
Added Pin To Net: NetName=GND Pin=C1-1
Added Pin To Net: NetName=GND Pin=D1-1
Added Pin To Net: NetName=GND Pin=D3-1
Added Pin To Net: NetName=GND Pin=R0-1
Added Pin To Net: NetName=GND Pin=VR1-1
Added Net: Name=GND
Added Pin To Net: NetName=NetC1_2 Pin=C1-2
Added Pin To Net: NetName=NetC1_2 Pin=D2-2
Added Pin To Net: NetName=NetC1_2 Pin=D4-2
Added Pin To Net: NetName=NetC1_2 Pin=D5-2
Added Pin To Net: NetName=NetC1_2 Pin=LDR1-2
Added Pin To Net: NetName=NetC1_2 Pin=R332-2
Added Pin To Net: NetName=NetC1_2 Pin=RL1-3
Added Net: Name=NetC1_2
Added Pin To Net: NetName=NetC2_1 Pin=C2-1
Added Pin To Net: NetName=NetC2_1 Pin=R472-1
Added Pin To Net: NetName=NetC2_1 Pin=T1-3
Added Net: Name=NetC2_1
Added Pin To Net: NetName=NetC2_2 Pin=C2-2
Added Pin To Net: NetName=NetC2_2 Pin=R0-2
Added Pin To Net: NetName=NetC2_2 Pin=R4-1
Added Net: Name=NetC2_2
Added Pin To Net: NetName=NetD1_2 Pin=D1-2
Added Pin To Net: NetName=NetD1_2 Pin=D2-1
Added Net: Name=NetD1_2
Added Pin To Net: NetName=NetD3_2 Pin=D3-2
Added Pin To Net: NetName=NetD3_2 Pin=D4-1
Added Net: Name=NetD3_2
Added Pin To Net: NetName=NetD5_1 Pin=D5-1
Added Pin To Net: NetName=NetD5_1 Pin=R102-2
Added Pin To Net: NetName=NetD5_1 Pin=RL1-2
Added Net: Name=NetD5_1
Added Pin To Net: NetName=NetJP2_1 Pin=RL1-5
Added Net: Name=NetJP2_1
Added Pin To Net: NetName=NetJP2_2 Pin=RL1-1
Added Net: Name=NetJP2_2
Added Pin To Net: NetName=NetLDR1_1 Pin=LDR1-1
Added Pin To Net: NetName=NetLDR1_1 Pin=VR1-2
Added Net: Name=NetLDR1_1
Added Pin To Net: NetName=NetLED1_1 Pin=LED1-1
Added Pin To Net: NetName=NetLED1_1 Pin=R102-1
Added Net: Name=NetLED1_1
Added Pin To Net: NetName=NetLED1_2 Pin=LED1-2
Added Pin To Net: NetName=NetLED1_2 Pin=T-1
Added Net: Name=NetLED1_2
Added Pin To Net: NetName=NetR4_2 Pin=R4-2
Added Pin To Net: NetName=NetR4_2 Pin=T1-2
Added Pin To Net: NetName=NetR4_2 Pin=T-2
Added Net: Name=NetR4_2
Added Pin To Net: NetName=NetR332_1 Pin=R332-1
Added Pin To Net: NetName=NetR332_1 Pin=T1-1
Added Pin To Net: NetName=NetR332_1 Pin=T-3
Added Net: Name=NetR332_1
Added Pin To Net: NetName=NetR472_2 Pin=R472-2
Added Pin To Net: NetName=NetR472_2 Pin=VR1-3
Added Net: Name=NetR472_2
Added Class: Name=Sheet1
Added Room: Name=Sheet1
